# JRE version: OpenJDK Runtime Environment (7.0_65-b32) (build 1.7.0_65-b32)
# Java VM: OpenJDK 64-Bit Server VM (24.65-b04 mixed mode linux-amd64 compressed oops)
Heap
 PSYoungGen      total 210944K, used 9173K [0x00000000eca80000, 0x0000000100000000, 0x0000000100000000)
  eden space 131584K, 0% used [0x00000000eca80000,0x00000000eca80000,0x00000000f4b00000)
  from space 79360K, 11% used [0x00000000fb280000,0x00000000fbb755c8,0x0000000100000000)
  to   space 92672K, 0% used [0x00000000f4b00000,0x00000000f4b00000,0x00000000fa580000)
 ParOldGen       total 147968K, used 147966K [0x00000000c6000000, 0x00000000cf080000, 0x00000000eca80000)
  object space 147968K, 99% used [0x00000000c6000000,0x00000000cf07fb18,0x00000000cf080000)
 PSPermGen       total 25088K, used 11489K [0x00000000bba00000, 0x00000000bd280000, 0x00000000c6000000)
  object space 25088K, 45% used [0x00000000bba00000,0x00000000bc538710,0x00000000bd280000)
GC Heap History (10 events):
Event: 24.477 GC heap after
Heap after GC invocations=15 (full 3):
 PSYoungGen      total 229888K, used 0K [0x00000000eca80000, 0x00000000fec00000, 0x0000000100000000)
  eden space 195072K, 0% used [0x00000000eca80000,0x00000000eca80000,0x00000000f8900000)
  from space 34816K, 0% used [0x00000000fb980000,0x00000000fb980000,0x00000000fdb80000)
  to   space 49664K, 0% used [0x00000000f8900000,0x00000000f8900000,0x00000000fb980000)
 ParOldGen       total 147968K, used 91473K [0x00000000c6000000, 0x00000000cf080000, 0x00000000eca80000)
  object space 147968K, 61% used [0x00000000c6000000,0x00000000cb954578,0x00000000cf080000)
 PSPermGen       total 25088K, used 11489K [0x00000000bba00000, 0x00000000bd280000, 0x00000000c6000000)
  object space 25088K, 45% used [0x00000000bba00000,0x00000000bc538710,0x00000000bd280000)
}
Event: 26.483 GC heap before
{Heap before GC invocations=16 (full 3):
 PSYoungGen      total 229888K, used 191059K [0x00000000eca80000, 0x00000000fec00000, 0x0000000100000000)
  eden space 195072K, 97% used [0x00000000eca80000,0x00000000f8514ea0,0x00000000f8900000)
  from space 34816K, 0% used [0x00000000fb980000,0x00000000fb980000,0x00000000fdb80000)
  to   space 49664K, 0% used [0x00000000f8900000,0x00000000f8900000,0x00000000fb980000)
 ParOldGen       total 147968K, used 91473K [0x00000000c6000000, 0x00000000cf080000, 0x00000000eca80000)
  object space 147968K, 61% used [0x00000000c6000000,0x00000000cb954578,0x00000000cf080000)
 PSPermGen       total 25088K, used 11489K [0x00000000bba00000, 0x00000000bd280000, 0x00000000c6000000)
  object space 25088K, 45% used [0x00000000bba00000,0x00000000bc538710,0x00000000bd280000)
Event: 27.991 GC heap after
Heap after GC invocations=16 (full 3):
 PSYoungGen      total 244736K, used 49632K [0x00000000eca80000, 0x0000000100000000, 0x0000000100000000)
  eden space 195072K, 0% used [0x00000000eca80000,0x00000000eca80000,0x00000000f8900000)
  from space 49664K, 99% used [0x00000000f8900000,0x00000000fb978080,0x00000000fb980000)
  to   space 62464K, 0% used [0x00000000fc300000,0x00000000fc300000,0x0000000100000000)
 ParOldGen       total 147968K, used 102697K [0x00000000c6000000, 0x00000000cf080000, 0x00000000eca80000)
  object space 147968K, 69% used [0x00000000c6000000,0x00000000cc44a580,0x00000000cf080000)
 PSPermGen       total 25088K, used 11489K [0x00000000bba00000, 0x00000000bd280000, 0x00000000c6000000)
  object space 25088K, 45% used [0x00000000bba00000,0x00000000bc538710,0x00000000bd280000)
}
Event: 29.680 GC heap before
{Heap before GC invocations=17 (full 3):
 PSYoungGen      total 244736K, used 225177K [0x00000000eca80000, 0x0000000100000000, 0x0000000100000000)
  eden space 195072K, 89% used [0x00000000eca80000,0x00000000f75ee3b0,0x00000000f8900000)
  from space 49664K, 99% used [0x00000000f8900000,0x00000000fb978080,0x00000000fb980000)
  to   space 62464K, 0% used [0x00000000fc300000,0x00000000fc300000,0x0000000100000000)
 ParOldGen       total 147968K, used 102697K [0x00000000c6000000, 0x00000000cf080000, 0x00000000eca80000)
  object space 147968K, 69% used [0x00000000c6000000,0x00000000cc44a580,0x00000000cf080000)
 PSPermGen       total 25088K, used 11489K [0x00000000bba00000, 0x00000000bd280000, 0x00000000c6000000)
  object space 25088K, 45% used [0x00000000bba00000,0x00000000bc538710,0x00000000bd280000)
Event: 29.926 GC heap after
Heap after GC invocations=17 (full 3):
 PSYoungGen      total 236032K, used 58688K [0x00000000eca80000, 0x0000000100000000, 0x0000000100000000)
  eden space 173568K, 0% used [0x00000000eca80000,0x00000000eca80000,0x00000000f7400000)
  from space 62464K, 93% used [0x00000000fc300000,0x00000000ffc50090,0x0000000100000000)
  to   space 71680K, 0% used [0x00000000f7400000,0x00000000f7400000,0x00000000fba00000)
 ParOldGen       total 147968K, used 112169K [0x00000000c6000000, 0x00000000cf080000, 0x00000000eca80000)
  object space 147968K, 75% used [0x00000000c6000000,0x00000000ccd8a580,0x00000000cf080000)
 PSPermGen       total 25088K, used 11489K [0x00000000bba00000, 0x00000000bd280000, 0x00000000c6000000)
  object space 25088K, 45% used [0x00000000bba00000,0x00000000bc538710,0x00000000bd280000)
}
Event: 31.171 GC heap before
{Heap before GC invocations=18 (full 3):
 PSYoungGen      total 236032K, used 232256K [0x00000000eca80000, 0x0000000100000000, 0x0000000100000000)
  eden space 173568K, 100% used [0x00000000eca80000,0x00000000f7400000,0x00000000f7400000)
  from space 62464K, 93% used [0x00000000fc300000,0x00000000ffc50090,0x0000000100000000)
  to   space 71680K, 0% used [0x00000000f7400000,0x00000000f7400000,0x00000000fba00000)
 ParOldGen       total 147968K, used 112169K [0x00000000c6000000, 0x00000000cf080000, 0x00000000eca80000)
  object space 147968K, 75% used [0x00000000c6000000,0x00000000ccd8a580,0x00000000cf080000)
 PSPermGen       total 25088K, used 11489K [0x00000000bba00000, 0x00000000bd280000, 0x00000000c6000000)
  object space 25088K, 45% used [0x00000000bba00000,0x00000000bc538710,0x00000000bd280000)
Event: 31.447 GC heap after
Heap after GC invocations=18 (full 3):
 PSYoungGen      total 237568K, used 63616K [0x00000000eca80000, 0x0000000100000000, 0x0000000100000000)
  eden space 173568K, 0% used [0x00000000eca80000,0x00000000eca80000,0x00000000f7400000)
  from space 64000K, 99% used [0x00000000f7400000,0x00000000fb2200b0,0x00000000fb280000)
  to   space 79360K, 0% used [0x00000000fb280000,0x00000000fb280000,0x0000000100000000)
 ParOldGen       total 147968K, used 124505K [0x00000000c6000000, 0x00000000cf080000, 0x00000000eca80000)
  object space 147968K, 84% used [0x00000000c6000000,0x00000000cd996580,0x00000000cf080000)
 PSPermGen       total 25088K, used 11489K [0x00000000bba00000, 0x00000000bd280000, 0x00000000c6000000)
  object space 25088K, 45% used [0x00000000bba00000,0x00000000bc538710,0x00000000bd280000)
}
Event: 33.208 GC heap before
{Heap before GC invocations=19 (full 3):
 PSYoungGen      total 237568K, used 214064K [0x00000000eca80000, 0x0000000100000000, 0x0000000100000000)
  eden space 173568K, 86% used [0x00000000eca80000,0x00000000f5d6c078,0x00000000f7400000)
  from space 64000K, 99% used [0x00000000f7400000,0x00000000fb2200b0,0x00000000fb280000)
  to   space 79360K, 0% used [0x00000000fb280000,0x00000000fb280000,0x0000000100000000)
 ParOldGen       total 147968K, used 124505K [0x00000000c6000000, 0x00000000cf080000, 0x00000000eca80000)
  object space 147968K, 84% used [0x00000000c6000000,0x00000000cd996580,0x00000000cf080000)
 PSPermGen       total 25088K, used 11489K [0x00000000bba00000, 0x00000000bd280000, 0x00000000c6000000)
  object space 25088K, 45% used [0x00000000bba00000,0x00000000bc538710,0x00000000bd280000)
Event: 33.432 GC heap after
Heap after GC invocations=19 (full 3):
 PSYoungGen      total 210944K, used 74272K [0x00000000eca80000, 0x0000000100000000, 0x0000000100000000)
  eden space 131584K, 0% used [0x00000000eca80000,0x00000000eca80000,0x00000000f4b00000)
  from space 79360K, 93% used [0x00000000fb280000,0x00000000ffb080d0,0x0000000100000000)
  to   space 92672K, 0% used [0x00000000f4b00000,0x00000000f4b00000,0x00000000fa580000)
 ParOldGen       total 147968K, used 135609K [0x00000000c6000000, 0x00000000cf080000, 0x00000000eca80000)
  object space 147968K, 91% used [0x00000000c6000000,0x00000000ce46e580,0x00000000cf080000)
 PSPermGen       total 25088K, used 11489K [0x00000000bba00000, 0x00000000bd280000, 0x00000000c6000000)
  object space 25088K, 45% used [0x00000000bba00000,0x00000000bc538710,0x00000000bd280000)
}
Event: 33.444 GC heap before
{Heap before GC invocations=20 (full 4):
 PSYoungGen      total 210944K, used 74272K [0x00000000eca80000, 0x0000000100000000, 0x0000000100000000)
  eden space 131584K, 0% used [0x00000000eca80000,0x00000000eca80000,0x00000000f4b00000)
  from space 79360K, 93% used [0x00000000fb280000,0x00000000ffb080d0,0x0000000100000000)
  to   space 92672K, 0% used [0x00000000f4b00000,0x00000000f4b00000,0x00000000fa580000)
 ParOldGen       total 147968K, used 135609K [0x00000000c6000000, 0x00000000cf080000, 0x00000000eca80000)
  object space 147968K, 91% used [0x00000000c6000000,0x00000000ce46e580,0x00000000cf080000)
 PSPermGen       total 25088K, used 11489K [0x00000000bba00000, 0x00000000bd280000, 0x00000000c6000000)
  object space 25088K, 45% used [0x00000000bba00000,0x00000000bc538710,0x00000000bd280000)

